Player list sent
Player list sent
Player list sent
Player list sent
Player list sent
Player list sent
item removed
item removed
item removed
item removed
item removed
item removed
item removed
item removed
item removed
item removed
item removed
marcel get a life
new item in 5 seconds
marcel get a thief
new item in 4 seconds
marcel get a thief
new item in 5 seconds
marcel get a life
new item in 6 seconds
marcel get a punch
new item in 8 seconds
Player list sent
Player list sent
Player list sent
Player list sent
marcel get a life
new item in 6 seconds
marcel get a thief
marcel get a life
new item in 5 seconds
new item in 4 seconds
marcel get a slide
new item in 4 seconds
Player list sent
Player list sent
Player list sent
Player list sent
Player list sent
Player list sent
orel get a speed
orel get a life
orel get a trap
orel get a speed
orel get a thief
orel get a rocket
Player list sent
orel get a trap
orel get a thief
orel get a strong
orel get a thief
orel get a trap
orel get a strong
orel get a bomb
orel get a life
orel get a trap
orel get a bomb
orel get a speed
orel get a bomb
orel get a bomb
orel get a strong
orel get a thief
orel get a speed
orel get a strong
orel get a trap
orel get a strong
orel get a bomb
orel get a thief
orel get a rocket
orel get a bomb
orel get a strong
orel get a life
orel get a thief
orel get a speed
orel get a rocket
orel get a rocket
orel get a strong
orel get a speed
orel get a strong
orel get a trap
orel get a strong
orel get a bomb
orel get a rocket
orel get a trap
orel get a bomb
orel get a bomb
orel get a strong
orel get a speed
orel get a life
orel get a thief
orel get a life
orel get a bomb
orel get a thief
orel get a speed
orel get a rocket
orel get a bomb
orel get a strong
orel get a strong
orel get a rocket
orel get a rocket
orel get a speed
orel get a trap
orel get a rocket
orel get a thief
orel get a rocket
orel get a thief
orel get a life
orel get a thief
orel get a strong
orel get a bomb
orel get a strong
orel get a speed
orel get a rocket
orel get a strong
orel get a thief
orel get a thief
orel get a bomb
orel get a rocket
orel get a thief
orel get a speed
orel get a speed
orel get a bomb
orel get a rocket
orel get a speed
orel get a thief
orel get a strong
Player list sent
Failed to load c++ bson extension, using pure JS version
Failed to load c++ bson extension, using pure JS version
Failed to load c++ bson extension, using pure JS version
gogogo
Failed to load c++ bson extension, using pure JS version
player cleared
item cleared
weapon cleared
Failed to load c++ bson extension, using pure JS version
{ name: 'orel',
  type: 'player',
  room: 'default',
  x: 9,
  y: 9,
  color: '#50577E',
  lastMove: 1474468218243,
  lastDirection: false,
  life: 2,
  gift: 20,
  invincible: false,
  speed: false,
  _id: 57e2997a6ea981ee59f15640 }
